<?xml version="1.0" encoding="UTF-8"?>
<!-- Generated by org.testng.reporters.JUnitXMLReporter -->
<testsuite ignored="0" hostname="LAPTOP-USEMB2OI" failures="0" tests="18" name="Test" time="65.173" errors="0" timestamp="2023-07-30T19:49:03 IST">
  <testcase classname="com.web_math.testcases.TC_genaralMath" name="tc_NumbersOnly" time="6.518"/>
  <testcase classname="com.web_math.testcases.TC_genaralMath" name="tc_add" time="3.599"/>
  <testcase classname="com.web_math.testcases.TC_genaralMath" name="tc_addClear" time="2.857"/>
  <testcase classname="com.web_math.testcases.TC_genaralMath" name="tc_converting" time="3.931"/>
  <testcase classname="com.web_math.testcases.TC_genaralMath" name="tc_decimalToFraction" time="3.05"/>
  <testcase classname="com.web_math.testcases.TC_genaralMath" name="tc_devide" time="3.82"/>
  <testcase classname="com.web_math.testcases.TC_genaralMath" name="tc_dropdown" time="2.316"/>
  <testcase classname="com.web_math.testcases.TC_genaralMath" name="tc_factor" time="2.947"/>
  <testcase classname="com.web_math.testcases.TC_genaralMath" name="tc_fractionToDecimal" time="2.042"/>
  <testcase classname="com.web_math.testcases.TC_genaralMath" name="tc_gcf" time="2.566"/>
  <testcase classname="com.web_math.testcases.TC_genaralMath" name="tc_goBtn" time="2.33"/>
  <testcase classname="com.web_math.testcases.TC_genaralMath" name="tc_lcm" time="3.054"/>
  <testcase classname="com.web_math.testcases.TC_genaralMath" name="tc_multiply" time="3.729"/>
  <testcase classname="com.web_math.testcases.TC_genaralMath" name="tc_pronounce" time="3.781"/>
  <testcase classname="com.web_math.testcases.TC_genaralMath" name="tc_reduce" time="2.772"/>
  <testcase classname="com.web_math.testcases.TC_genaralMath" name="tc_subtract" time="3.933"/>
  <testcase classname="com.web_math.testcases.TC_genaralMath" name="tc_subtractClear" time="3.516"/>
  <testcase classname="com.web_math.testcases.TC_genaralMath" name="tc_withVariablesToo" time="3.055"/>
</testsuite> <!-- Test -->
