<?xml version="1.0" encoding="UTF-8"?>
<testng-results ignored="0" total="18" passed="18" failed="0" skipped="0">
  <reporter-output>
  </reporter-output>
  <suite started-at="2023-07-30T19:47:58 IST" name="Suite" finished-at="2023-07-30T19:49:03 IST" duration-ms="65173">
    <groups>
    </groups>
    <test started-at="2023-07-30T19:47:58 IST" name="Test" finished-at="2023-07-30T19:49:03 IST" duration-ms="65173">
      <class name="com.web_math.testcases.TC_genaralMath">
        <test-method is-config="true" signature="setup()[pri:0, instance:com.web_math.testcases.TC_genaralMath@662ac478]" started-at="2023-07-30T19:47:58 IST" name="setup" finished-at="2023-07-30T19:48:03 IST" duration-ms="4859" status="PASS">
          <reporter-output>
          </reporter-output>
        </test-method> <!-- setup -->
        <test-method signature="tc_NumbersOnly()[pri:0, instance:com.web_math.testcases.TC_genaralMath@662ac478]" started-at="2023-07-30T19:48:03 IST" name="tc_NumbersOnly" finished-at="2023-07-30T19:48:10 IST" duration-ms="6518" status="PASS">
          <reporter-output>
          </reporter-output>
        </test-method> <!-- tc_NumbersOnly -->
        <test-method signature="tc_add()[pri:0, instance:com.web_math.testcases.TC_genaralMath@662ac478]" started-at="2023-07-30T19:48:10 IST" name="tc_add" finished-at="2023-07-30T19:48:13 IST" duration-ms="3599" status="PASS">
          <reporter-output>
          </reporter-output>
        </test-method> <!-- tc_add -->
        <test-method signature="tc_addClear()[pri:0, instance:com.web_math.testcases.TC_genaralMath@662ac478]" started-at="2023-07-30T19:48:13 IST" name="tc_addClear" finished-at="2023-07-30T19:48:16 IST" duration-ms="2857" status="PASS">
          <reporter-output>
          </reporter-output>
        </test-method> <!-- tc_addClear -->
        <test-method signature="tc_converting()[pri:0, instance:com.web_math.testcases.TC_genaralMath@662ac478]" started-at="2023-07-30T19:48:16 IST" name="tc_converting" finished-at="2023-07-30T19:48:20 IST" duration-ms="3931" status="PASS">
          <reporter-output>
          </reporter-output>
        </test-method> <!-- tc_converting -->
        <test-method signature="tc_decimalToFraction()[pri:0, instance:com.web_math.testcases.TC_genaralMath@662ac478]" started-at="2023-07-30T19:48:20 IST" name="tc_decimalToFraction" finished-at="2023-07-30T19:48:23 IST" duration-ms="3050" status="PASS">
          <reporter-output>
          </reporter-output>
        </test-method> <!-- tc_decimalToFraction -->
        <test-method signature="tc_devide()[pri:0, instance:com.web_math.testcases.TC_genaralMath@662ac478]" started-at="2023-07-30T19:48:23 IST" name="tc_devide" finished-at="2023-07-30T19:48:27 IST" duration-ms="3820" status="PASS">
          <reporter-output>
          </reporter-output>
        </test-method> <!-- tc_devide -->
        <test-method signature="tc_dropdown()[pri:0, instance:com.web_math.testcases.TC_genaralMath@662ac478]" started-at="2023-07-30T19:48:27 IST" name="tc_dropdown" finished-at="2023-07-30T19:48:29 IST" duration-ms="2316" status="PASS">
          <reporter-output>
          </reporter-output>
        </test-method> <!-- tc_dropdown -->
        <test-method signature="tc_factor()[pri:0, instance:com.web_math.testcases.TC_genaralMath@662ac478]" started-at="2023-07-30T19:48:29 IST" name="tc_factor" finished-at="2023-07-30T19:48:32 IST" duration-ms="2947" status="PASS">
          <reporter-output>
          </reporter-output>
        </test-method> <!-- tc_factor -->
        <test-method signature="tc_fractionToDecimal()[pri:0, instance:com.web_math.testcases.TC_genaralMath@662ac478]" started-at="2023-07-30T19:48:32 IST" name="tc_fractionToDecimal" finished-at="2023-07-30T19:48:34 IST" duration-ms="2042" status="PASS">
          <reporter-output>
          </reporter-output>
        </test-method> <!-- tc_fractionToDecimal -->
        <test-method signature="tc_gcf()[pri:0, instance:com.web_math.testcases.TC_genaralMath@662ac478]" started-at="2023-07-30T19:48:34 IST" name="tc_gcf" finished-at="2023-07-30T19:48:37 IST" duration-ms="2566" status="PASS">
          <reporter-output>
          </reporter-output>
        </test-method> <!-- tc_gcf -->
        <test-method signature="tc_goBtn()[pri:0, instance:com.web_math.testcases.TC_genaralMath@662ac478]" started-at="2023-07-30T19:48:37 IST" name="tc_goBtn" finished-at="2023-07-30T19:48:39 IST" duration-ms="2330" status="PASS">
          <reporter-output>
          </reporter-output>
        </test-method> <!-- tc_goBtn -->
        <test-method signature="tc_lcm()[pri:0, instance:com.web_math.testcases.TC_genaralMath@662ac478]" started-at="2023-07-30T19:48:39 IST" name="tc_lcm" finished-at="2023-07-30T19:48:42 IST" duration-ms="3054" status="PASS">
          <reporter-output>
          </reporter-output>
        </test-method> <!-- tc_lcm -->
        <test-method signature="tc_multiply()[pri:0, instance:com.web_math.testcases.TC_genaralMath@662ac478]" started-at="2023-07-30T19:48:42 IST" name="tc_multiply" finished-at="2023-07-30T19:48:46 IST" duration-ms="3729" status="PASS">
          <reporter-output>
          </reporter-output>
        </test-method> <!-- tc_multiply -->
        <test-method signature="tc_pronounce()[pri:0, instance:com.web_math.testcases.TC_genaralMath@662ac478]" started-at="2023-07-30T19:48:46 IST" name="tc_pronounce" finished-at="2023-07-30T19:48:50 IST" duration-ms="3781" status="PASS">
          <reporter-output>
          </reporter-output>
        </test-method> <!-- tc_pronounce -->
        <test-method signature="tc_reduce()[pri:0, instance:com.web_math.testcases.TC_genaralMath@662ac478]" started-at="2023-07-30T19:48:50 IST" name="tc_reduce" finished-at="2023-07-30T19:48:53 IST" duration-ms="2772" status="PASS">
          <reporter-output>
          </reporter-output>
        </test-method> <!-- tc_reduce -->
        <test-method signature="tc_subtract()[pri:0, instance:com.web_math.testcases.TC_genaralMath@662ac478]" started-at="2023-07-30T19:48:53 IST" name="tc_subtract" finished-at="2023-07-30T19:48:56 IST" duration-ms="3933" status="PASS">
          <reporter-output>
          </reporter-output>
        </test-method> <!-- tc_subtract -->
        <test-method signature="tc_subtractClear()[pri:0, instance:com.web_math.testcases.TC_genaralMath@662ac478]" started-at="2023-07-30T19:48:56 IST" name="tc_subtractClear" finished-at="2023-07-30T19:49:00 IST" duration-ms="3516" status="PASS">
          <reporter-output>
          </reporter-output>
        </test-method> <!-- tc_subtractClear -->
        <test-method signature="tc_withVariablesToo()[pri:0, instance:com.web_math.testcases.TC_genaralMath@662ac478]" started-at="2023-07-30T19:49:00 IST" name="tc_withVariablesToo" finished-at="2023-07-30T19:49:03 IST" duration-ms="3055" status="PASS">
          <reporter-output>
          </reporter-output>
        </test-method> <!-- tc_withVariablesToo -->
        <test-method is-config="true" signature="tearDown()[pri:0, instance:com.web_math.testcases.TC_genaralMath@662ac478]" started-at="2023-07-30T19:49:03 IST" name="tearDown" finished-at="2023-07-30T19:49:03 IST" duration-ms="379" status="PASS">
          <reporter-output>
          </reporter-output>
        </test-method> <!-- tearDown -->
      </class> <!-- com.web_math.testcases.TC_genaralMath -->
    </test> <!-- Test -->
  </suite> <!-- Suite -->
</testng-results>
